<?xml version="1.0" encoding="UTF-8"?>
<testsuite name="DollarCalculatorTest" tests="1" skipped="0" failures="0" errors="0" timestamp="2022-09-17T06:17:33" hostname="DESKTOP-34279BJ" time="0.395">
  <properties/>
  <testcase name="mockTest()" classname="DollarCalculatorTest" time="0.395"/>
  <system-out><![CDATA[]]></system-out>
  <system-err><![CDATA[]]></system-err>
</testsuite>
